TN:
SF:hooks\useCanvasNavigation.ts
FN:81,(anonymous_1)
FN:82,(anonymous_2)
FN:117,(anonymous_3)
FN:125,(anonymous_4)
FN:138,(anonymous_5)
FN:159,(anonymous_6)
FN:180,(anonymous_7)
FN:204,(anonymous_8)
FN:233,(anonymous_9)
FN:247,(anonymous_10)
FN:288,(anonymous_11)
FN:303,(anonymous_12)
FN:357,(anonymous_13)
FN:376,(anonymous_14)
FN:388,(anonymous_15)
FN:404,(anonymous_16)
FN:416,(anonymous_17)
FN:425,(anonymous_18)
FN:426,(anonymous_19)
FNF:19
FNH:16
FNDA:38,(anonymous_1)
FNDA:38,(anonymous_2)
FNDA:64,(anonymous_3)
FNDA:64,(anonymous_4)
FNDA:13,(anonymous_5)
FNDA:0,(anonymous_6)
FNDA:4,(anonymous_7)
FNDA:0,(anonymous_8)
FNDA:3,(anonymous_9)
FNDA:0,(anonymous_10)
FNDA:10,(anonymous_11)
FNDA:105,(anonymous_12)
FNDA:5,(anonymous_13)
FNDA:16,(anonymous_14)
FNDA:7,(anonymous_15)
FNDA:3,(anonymous_16)
FNDA:37,(anonymous_17)
FNDA:36,(anonymous_18)
FNDA:36,(anonymous_19)
DA:8,1
DA:9,1
DA:15,1
DA:67,1
DA:81,38
DA:82,38
DA:83,38
DA:86,38
DA:95,38
DA:106,38
DA:117,38
DA:118,64
DA:119,17
DA:120,17
DA:121,17
DA:125,38
DA:126,64
DA:127,0
DA:128,0
DA:129,0
DA:130,0
DA:138,38
DA:142,13
DA:143,13
DA:145,13
DA:146,13
DA:148,13
DA:159,13
DA:160,0
DA:161,0
DA:162,0
DA:164,0
DA:165,0
DA:166,0
DA:167,0
DA:168,0
DA:171,0
DA:172,0
DA:174,0
DA:177,13
DA:180,38
DA:185,4
DA:186,4
DA:188,4
DA:189,4
DA:190,4
DA:191,4
DA:193,4
DA:204,4
DA:205,0
DA:206,0
DA:207,0
DA:209,0
DA:210,0
DA:211,0
DA:212,0
DA:213,0
DA:214,0
DA:217,0
DA:218,0
DA:220,0
DA:221,0
DA:223,0
DA:226,4
DA:233,38
DA:234,3
DA:236,3
DA:237,3
DA:239,3
DA:240,3
DA:241,3
DA:244,0
DA:245,0
DA:247,0
DA:248,0
DA:249,0
DA:250,0
DA:253,0
DA:254,0
DA:257,0
DA:258,0
DA:263,0
DA:266,0
DA:271,0
DA:272,0
DA:273,0
DA:274,0
DA:275,0
DA:278,0
DA:281,0
DA:288,38
DA:289,10
DA:290,10
DA:292,10
DA:293,10
DA:303,38
DA:304,105
DA:306,104
DA:307,104
DA:309,104
DA:311,1
DA:312,1
DA:314,1
DA:315,1
DA:318,1
DA:319,1
DA:320,1
DA:321,1
DA:323,0
DA:327,1
DA:332,1
DA:333,0
DA:334,0
DA:335,0
DA:339,104
DA:340,104
DA:343,104
DA:344,104
DA:345,104
DA:347,104
DA:352,104
DA:353,104
DA:357,38
DA:358,5
DA:361,4
DA:363,4
DA:364,4
DA:367,4
DA:368,3
DA:376,38
DA:381,16
DA:382,13
DA:384,3
DA:388,38
DA:394,7
DA:395,2
DA:397,5
DA:398,5
DA:399,1
DA:404,38
DA:405,3
DA:406,3
DA:408,3
DA:409,2
DA:411,1
DA:412,1
DA:416,38
DA:417,37
DA:418,37
DA:425,38
DA:426,36
DA:427,36
DA:435,38
LF:153
LH:101
BRDA:81,0,0,29
BRDA:118,1,0,17
BRDA:126,2,0,0
BRDA:140,3,0,13
BRDA:164,4,0,0
BRDA:183,5,0,4
BRDA:190,6,0,4
BRDA:190,6,1,2
BRDA:209,7,0,0
BRDA:234,8,0,0
BRDA:234,9,0,3
BRDA:234,9,1,3
BRDA:239,10,0,3
BRDA:271,11,0,0
BRDA:288,12,0,6
BRDA:304,13,0,1
BRDA:309,14,0,1
BRDA:318,15,0,1
BRDA:318,15,1,0
BRDA:332,16,0,0
BRDA:343,17,0,104
BRDA:358,18,0,1
BRDA:367,19,0,3
BRDA:378,20,0,0
BRDA:381,21,0,13
BRDA:381,21,1,3
BRDA:391,22,0,0
BRDA:394,23,0,2
BRDA:394,23,1,5
BRDA:398,24,0,1
BRDA:404,25,0,0
BRDA:408,26,0,2
BRDA:408,26,1,1
BRF:33
BRH:23
end_of_record
TN:
SF:hooks\useViewport.ts
FN:84,(anonymous_1)
FN:88,(anonymous_2)
FN:101,(anonymous_3)
FN:108,(anonymous_4)
FN:123,(anonymous_5)
FN:134,(anonymous_6)
FN:168,(anonymous_7)
FN:172,(anonymous_8)
FN:180,(anonymous_9)
FN:203,(anonymous_10)
FN:220,(anonymous_11)
FN:237,(anonymous_12)
FN:265,(anonymous_13)
FN:291,(anonymous_14)
FN:295,(anonymous_15)
FN:296,(anonymous_16)
FN:297,(anonymous_17)
FN:307,(anonymous_18)
FN:308,(anonymous_19)
FN:308,(anonymous_20)
FN:311,(anonymous_21)
FN:312,(anonymous_22)
FN:337,(anonymous_23)
FN:338,(anonymous_24)
FN:341,(anonymous_25)
FN:349,(anonymous_26)
FN:354,(anonymous_27)
FN:362,(anonymous_28)
FN:377,(anonymous_29)
FNF:29
FNH:29
FNDA:92,(anonymous_1)
FNDA:92,(anonymous_2)
FNDA:65,(anonymous_3)
FNDA:74,(anonymous_4)
FNDA:78,(anonymous_5)
FNDA:81,(anonymous_6)
FNDA:4,(anonymous_7)
FNDA:2,(anonymous_8)
FNDA:4,(anonymous_9)
FNDA:4,(anonymous_10)
FNDA:1,(anonymous_11)
FNDA:9,(anonymous_12)
FNDA:4,(anonymous_13)
FNDA:11,(anonymous_14)
FNDA:4,(anonymous_15)
FNDA:4,(anonymous_16)
FNDA:1,(anonymous_17)
FNDA:1,(anonymous_18)
FNDA:1,(anonymous_19)
FNDA:2,(anonymous_20)
FNDA:84,(anonymous_21)
FNDA:10019,(anonymous_22)
FNDA:10,(anonymous_23)
FNDA:10,(anonymous_24)
FNDA:1,(anonymous_25)
FNDA:2,(anonymous_26)
FNDA:2,(anonymous_27)
FNDA:1,(anonymous_28)
FNDA:81,(anonymous_29)
DA:8,1
DA:9,1
DA:18,1
DA:71,1
DA:84,92
DA:88,92
DA:89,92
DA:91,92
DA:92,92
DA:101,92
DA:102,65
DA:108,88
DA:109,74
DA:110,59
DA:117,15
DA:123,88
DA:124,78
DA:125,78
DA:126,5
DA:128,73
DA:134,88
DA:135,81
DA:138,81
DA:141,81
DA:146,81
DA:152,81
DA:168,88
DA:169,4
DA:172,88
DA:173,2
DA:180,88
DA:185,4
DA:186,4
DA:194,4
DA:199,4
DA:200,4
DA:203,84
DA:208,4
DA:209,4
DA:214,4
DA:215,1
DA:217,4
DA:220,84
DA:225,1
DA:233,1
DA:234,1
DA:237,84
DA:243,9
DA:244,9
DA:245,9
DA:247,9
DA:249,1
DA:254,1
DA:259,1
DA:262,9
DA:265,84
DA:269,4
DA:271,2
DA:281,2
DA:283,2
DA:291,84
DA:292,11
DA:295,84
DA:296,4
DA:297,4
DA:298,4
DA:299,1
DA:300,1
DA:301,1
DA:303,3
DA:307,84
DA:308,2
DA:311,84
DA:312,84
DA:313,10019
DA:318,10019
DA:325,10019
DA:337,84
DA:338,10
DA:341,84
DA:342,1
DA:349,84
DA:350,2
DA:351,2
DA:354,84
DA:355,2
DA:356,2
DA:362,84
DA:377,84
DA:378,81
DA:379,1
DA:387,84
LF:92
LH:92
BRDA:86,0,0,75
BRDA:109,1,0,59
BRDA:124,2,0,76
BRDA:124,2,1,2
BRDA:125,3,0,5
BRDA:146,4,0,81
BRDA:146,4,1,81
BRDA:157,5,0,81
BRDA:157,5,1,0
BRDA:181,6,0,2
BRDA:183,7,0,3
BRDA:185,8,0,4
BRDA:185,8,1,3
BRDA:189,9,0,4
BRDA:189,9,1,3
BRDA:190,10,0,4
BRDA:190,10,1,3
BRDA:194,11,0,4
BRDA:206,12,0,4
BRDA:208,13,0,4
BRDA:208,13,1,2
BRDA:214,14,0,1
BRDA:214,15,0,4
BRDA:214,15,1,2
BRDA:222,16,0,0
BRDA:223,17,0,1
BRDA:228,18,0,1
BRDA:228,18,1,1
BRDA:229,19,0,1
BRDA:229,19,1,1
BRDA:240,20,0,9
BRDA:243,21,0,9
BRDA:243,21,1,4
BRDA:244,22,0,9
BRDA:244,22,1,4
BRDA:247,23,0,1
BRDA:267,24,0,4
BRDA:269,25,0,2
BRDA:269,25,1,2
BRDA:269,26,0,4
BRDA:269,26,1,2
BRDA:298,27,0,1
BRDA:318,28,0,738
BRDA:318,28,1,9281
BRDA:349,29,0,0
BRDA:350,30,0,1
BRDA:350,30,1,1
BRDA:354,31,0,1
BRDA:355,32,0,1
BRDA:355,32,1,1
BRDA:378,33,0,1
BRDA:378,34,0,81
BRDA:378,34,1,5
BRF:53
BRH:50
end_of_record
TN:
SF:utils\canvas-calculations.ts
FN:24,(anonymous_18)
FN:37,(anonymous_19)
FN:50,(anonymous_20)
FN:72,(anonymous_21)
FN:81,(anonymous_22)
FN:88,(anonymous_23)
FN:100,(anonymous_24)
FN:112,(anonymous_25)
FN:140,(anonymous_26)
FN:163,(anonymous_27)
FN:178,(anonymous_28)
FN:196,(anonymous_29)
FN:209,(anonymous_30)
FN:217,(anonymous_31)
FN:230,(anonymous_32)
FN:239,(anonymous_33)
FN:260,(anonymous_34)
FN:267,(anonymous_35)
FN:282,(anonymous_36)
FN:298,(anonymous_37)
FN:329,(anonymous_38)
FNF:21
FNH:21
FNDA:24,(anonymous_18)
FNDA:37,(anonymous_19)
FNDA:7,(anonymous_20)
FNDA:466,(anonymous_21)
FNDA:4,(anonymous_22)
FNDA:10,(anonymous_23)
FNDA:11021,(anonymous_24)
FNDA:4,(anonymous_25)
FNDA:15,(anonymous_26)
FNDA:8,(anonymous_27)
FNDA:11017,(anonymous_28)
FNDA:460,(anonymous_29)
FNDA:615,(anonymous_30)
FNDA:55,(anonymous_31)
FNDA:16,(anonymous_32)
FNDA:5,(anonymous_33)
FNDA:21,(anonymous_34)
FNDA:4,(anonymous_35)
FNDA:4,(anonymous_36)
FNDA:4,(anonymous_37)
FNDA:7,(anonymous_38)
DA:24,1
DA:28,24
DA:37,1
DA:41,37
DA:50,1
DA:54,7
DA:55,7
DA:57,7
DA:72,1
DA:73,466
DA:74,466
DA:75,466
DA:81,1
DA:82,4
DA:88,1
DA:89,10
DA:100,1
DA:101,11021
DA:112,1
DA:113,4
DA:140,1
DA:146,15
DA:147,15
DA:152,15
DA:163,1
DA:173,8
DA:175,8
DA:178,8
DA:180,11017
DA:181,3
DA:185,11014
DA:189,8
DA:190,4
DA:195,4
DA:198,460
DA:203,460
DA:211,615
DA:212,6
DA:214,609
DA:217,55
DA:220,4
DA:230,1
DA:231,16
DA:232,13
DA:233,7
DA:239,1
DA:245,5
DA:246,5
DA:247,5
DA:250,5
DA:260,1
DA:261,21
DA:267,1
DA:272,4
DA:273,4
DA:282,1
DA:287,4
DA:288,4
DA:298,1
DA:302,4
DA:303,1
DA:306,3
DA:307,3
DA:308,3
DA:309,3
DA:311,3
DA:312,5
DA:313,5
DA:314,5
DA:315,5
DA:318,3
DA:329,1
DA:336,7
DA:337,7
DA:339,7
DA:340,7
DA:343,7
DA:344,7
DA:345,7
DA:348,7
DA:351,7
DA:356,7
DA:361,7
LF:83
LH:83
BRDA:90,0,0,10
BRDA:90,0,1,8
BRDA:90,0,2,7
BRDA:90,0,3,6
BRDA:102,1,0,11021
BRDA:102,1,1,11020
BRDA:102,1,2,910
BRDA:102,1,3,910
BRDA:143,2,0,4
BRDA:167,3,0,3
BRDA:170,4,0,8
BRDA:171,5,0,3
BRDA:172,6,0,7
BRDA:180,7,0,3
BRDA:180,8,0,11017
BRDA:180,8,1,6
BRDA:189,9,0,4
BRDA:205,10,0,460
BRDA:205,10,1,455
BRDA:211,11,0,6
BRDA:231,12,0,3
BRDA:232,13,0,6
BRDA:242,14,0,1
BRDA:300,15,0,0
BRDA:302,16,0,1
BRDA:332,17,0,3
BRDA:333,18,0,4
BRDA:334,19,0,5
BRF:28
BRH:27
end_of_record
